May 17 22:31:48 swi-mdm9x15 user.info Legato:  INFO | sensorToCloud[1111]/avPublisher T=main | avPublisher.c sampleTimerHandler() 613 | Sample Timeout Handler
May 17 22:32:03 swi-mdm9x15 user.info Legato:  INFO | sensorToCloud[1111]/avPublisher T=main | avPublisher.c sampleTimerHandler() 613 | Sample Timeout Handler
May 17 22:32:09 swi-mdm9x15 user.warn Legato: -WRN- | _UNKNOWN_[641]/le_pa T=unknown | pa_mrc_qmi.c ConvertPSState() 770 | PS state unknown
May 17 22:32:09 swi-mdm9x15 user.warn Legato: -WRN- | modemDaemon[1066]/le_pa T=unknown | pa_mrc_qmi.c ConvertPSState() 770 | PS state unknown
May 17 22:32:09 swi-mdm9x15 user.err Legato: =ERR= | dcsDaemon[1026]/dcsDaemon T=main | dcsServer.c PacketSwitchHandler() 1973 | New PS state unknown PS state 5
May 17 22:32:09 swi-mdm9x15 user.warn Legato: -WRN- | modemDaemon[1066]/le_pa T=main | pa_sim_qmi.c MapSimState() 879 | More than one application 2
May 17 22:32:10 swi-mdm9x15 user.warn Legato: -WRN- | avcDaemon[1195]/avcDaemon T=main | avcClient.c ConnectionStateHandler() 317 | Disconnected from data connection service, current state 1
May 17 22:32:10 swi-mdm9x15 user.info Legato:  INFO | avcDaemon[1195]/avcDaemon T=main | avcClient.c BearerEventCb() 251 | Connected 0
May 17 22:32:10 swi-mdm9x15 user.warn Legato: -WRN- | dcsDaemon[1026]/le_pa_dcs T=main | pa_dcs_linux.c pa_dcs_SetDefaultGateway() 568 | Default gateway or interface is empty
May 17 22:32:10 swi-mdm9x15 user.info Legato:  INFO | avcControl[1014]/avcControl T=main | avcControl.c StatusHandler() 167 | Air Vantage agent reported update status: SESSION_STOPPED
May 17 22:32:10 swi-mdm9x15 user.info Legato:  INFO | errorService[1042]/errorHandler T=main | errorHandler.c avSessionStateHandler() 66 | AV Session State Handler 1
May 17 22:32:10 swi-mdm9x15 user.warn Legato: -WRN- | errorService[1042]/errorHandler T=main | errorHandler.c avSessionStateHandler() 74 | Lost AV session
May 17 22:32:10 swi-mdm9x15 user.info Legato:  INFO | errorService[1042]/errorHandler T=main | errorHandler.c avSessionStateHandler() 75 | Releasing AV session
May 17 22:32:10 swi-mdm9x15 user.info Legato:  INFO | photoService[1079]/photoManager T=main | photoManager.c avSessionStateHandler() 662 | AV Session State Handler 1
May 17 22:32:10 swi-mdm9x15 user.warn Legato: -WRN- | photoService[1079]/photoManager T=main | photoManager.c avSessionStateHandler() 670 | Lost AV session
May 17 22:32:10 swi-mdm9x15 user.info Legato:  INFO | photoService[1079]/photoManager T=main | photoManager.c avSessionStateHandler() 671 | Releasing AV session
May 17 22:32:10 swi-mdm9x15 user.err Legato: =ERR= | avcDaemon[1195]/avcDaemon T=main | avData.c le_avdata_ReleaseSession() 3839 | Invalid session request reference (nil)
May 17 22:32:10 swi-mdm9x15 user.err Legato: =ERR= | avcDaemon[1195]/avcDaemon T=main | avData.c le_avdata_ReleaseSession() 3839 | Invalid session request reference (nil)
May 17 22:32:11 swi-mdm9x15 user.warn Legato: -WRN- | dcsDaemon[1026]/le_pa_dcs T=main | pa_dcs_linux.c pa_dcs_SetDefaultGateway() 568 | Default gateway or interface is empty
May 17 22:32:11 swi-mdm9x15 user.warn Legato: -WRN- | _UNKNOWN_[641]/le_pa T=unknown | pa_mrc_qmi.c ConvertPSState() 770 | PS state unknown
May 17 22:32:11 swi-mdm9x15 user.warn Legato: -WRN- | modemDaemon[1066]/le_pa T=unknown | pa_mrc_qmi.c ConvertPSState() 770 | PS state unknown
May 17 22:32:11 swi-mdm9x15 user.err Legato: =ERR= | modemDaemon[1066]/swiQmi T=main | swiQmi.c swiQmi_CheckResponse() 795 | Sending QMI_NAS_GET_RF_BAND_INFO_REQ_MSG_V01 failed: rc=0 (), resp.result=1.[0x01], resp.error=74.[0x4a]
May 17 22:32:11 swi-mdm9x15 user.err Legato: =ERR= | modemDaemon[1066]/le_pa T=main | pa_mrc_qmi.c pa_mrc_GetRadioAccessTechInUse() 3686 | The device is not registered on the network
May 17 22:32:11 swi-mdm9x15 user.err Legato: =ERR= | modemDaemon[1066]/le_pa T=main | pa_mrc_qmi.c pa_mrc_GetRadioAccessTechInUse() 3689 | Failed to retrieve the RAT
May 17 22:32:11 swi-mdm9x15 user.info Legato:  INFO | modemDaemon[1066]/le_pa T=main | pa_sim_qmi.c InternalSimToolkitHandler() 1448 | QMI_UIM_REFRESH_COMPLETE_REQ_V01: Err 0 resp 0
May 17 22:32:11 swi-mdm9x15 user.warn Legato: -WRN- | modemDaemon[1066]/le_pa T=main | pa_sim_qmi.c MapSimState() 879 | More than one application 2
May 17 22:32:11 swi-mdm9x15 user.warn Legato: -WRN- | modemDaemon[1066]/le_pa T=main | pa_sim_qmi.c MapSimState() 879 | More than one application 2
May 17 22:32:11 swi-mdm9x15 user.warn Legato: -WRN- | modemDaemon[1066]/le_pa T=main | pa_sim_qmi.c MapSimState() 879 | More than one application 2
May 17 22:32:11 swi-mdm9x15 user.info Legato:  INFO | modemDaemon[1066]/modemDaemon T=main | le_sim.c SimToolkitHandler() 931 | Update SIM Card information after a refresh
May 17 22:32:12 swi-mdm9x15 user.warn Legato: -WRN- | modemDaemon[1066]/le_pa T=main | pa_sim_qmi.c RetrieveSimApplicationType() 1942 | More than one application 2)
May 17 22:32:12 swi-mdm9x15 user.err Legato: =ERR= | modemDaemon[1066]/le_pa_default T=main | pa_sim_default.c pa_sim_GetCardEID() 121 | Unsupported function called
May 17 22:32:18 swi-mdm9x15 user.warn Legato: -WRN- | _UNKNOWN_[641]/le_pa T=unknown | pa_mrc_qmi.c ConvertPSState() 770 | PS state unknown
May 17 22:32:18 swi-mdm9x15 user.warn Legato: -WRN- | modemDaemon[1066]/le_pa T=unknown | pa_mrc_qmi.c ConvertPSState() 770 | PS state unknown
May 17 22:32:18 swi-mdm9x15 user.warn Legato: -WRN- | modemDaemon[1066]/le_pa T=main | pa_sim_qmi.c MapSimState() 879 | More than one application 2
May 17 22:32:19 swi-mdm9x15 user.info Legato:  INFO | sensorToCloud[1111]/avPublisher T=main | avPublisher.c sampleTimerHandler() 647 | Item cellstrength triggered publish
May 17 22:32:19 swi-mdm9x15 user.err Legato: =ERR= | sensorToCloud[1111]/avPublisher T=main | avPublisher.c sampleTimerHandler() 679 | Failed to push record - LE_FAULT
May 17 22:32:19 swi-mdm9x15 user.emerg Legato: *EMR* | sensorToCloud[1111]/avPublisher T=main | avPublisher.c sampleTimerHandler() 680 | Assert Failed: 'r' is not LE_OK (0)
May 17 22:32:19 swi-mdm9x15 user.debug Legato:  DBUG | digitalService[1035]/framework T=main | brnkl_digital_server.c CleanupClientData() 148 | Client 0xb6f6f5ec is closed !!!
May 17 22:32:19 swi-mdm9x15 user.debug Legato:  DBUG | gpsMonitor[1060]/framework T=main | brnkl_gps_server.c CleanupClientData() 148 | Client 0xb6ff4cfc is closed !!!
May 17 22:32:19 swi-mdm9x15 user.debug Legato:  DBUG | errorService[1042]/framework T=main | brnkl_error_server.c CleanupClientData() 148 | Client 0xb6ffabdc is closed !!!
May 17 22:32:19 swi-mdm9x15 user.info Legato:  INFO | supervisor[759]/supervisor T=main | proc.c proc_SigChildHandler() 2050 | Process 'sensorToCloud' (PID: 1111) has exited with exit code 1.
May 17 22:32:20 swi-mdm9x15 user.crit Legato: *CRT* | supervisor[759]/supervisor T=main | app.c app_SigChildHandler() 3993 | Process 'sensorToCloud' in app 'sensorToCloud' faulted: Restarting app.
May 17 22:32:20 swi-mdm9x15 user.info Legato:  INFO | supervisor[759]/supervisor T=main | app.c app_Stop() 3502 | Stopping app 'sensorToCloud'
May 17 22:32:20 swi-mdm9x15 user.warn Legato: -WRN- | _appStopClient[3456]/framework T=main | LE_FILENAME CreateSocket() 550 | Socket opened as standard i/o file descriptor 2!
May 17 22:32:20 swi-mdm9x15 user.info Legato:  INFO | supervisor[759]/supervisor T=main | app.c app_StopComplete() 4643 | app 'sensorToCloud' has stopped.
May 17 22:32:20 swi-mdm9x15 user.info Legato:  INFO | supervisor[759]/supervisor T=main | app.c app_Start() 3377 | Starting app 'sensorToCloud'
May 17 22:32:20 swi-mdm9x15 user.info Legato:  INFO | supervisor[759]/supervisor T=main | app.c CreateFileLink() 1991 | Skipping file link '/legato/systems/current/apps/sensorToCloud/read-only/lib/libComponent_avPublisher.so' to '/legato/systems/current/appsWriteable/senso
May 17 22:32:20 swi-mdm9x15 user.info Legato:  INFO | supervisor[759]/supervisor T=main | app.c CreateFileLink() 1991 | Skipping file link '/legato/systems/current/apps/sensorToCloud/read-only/lib/libComponent_sensors.so' to '/legato/systems/current/appsWriteable/sensorToC
May 17 22:32:20 swi-mdm9x15 user.info Legato:  INFO | supervisor[759]/supervisor T=main | app.c CreateFileLink() 1991 | Skipping file link '/legato/systems/current/apps/sensorToCloud/read-only/lib/libComponent_spiLibrary.so' to '/legato/systems/current/appsWriteable/sensor
May 17 22:32:20 swi-mdm9x15 user.info Legato:  INFO | supervisor[759]/supervisor T=main | app.c CreateFileLink() 1991 | Skipping file link '/legato/systems/current/apps/sensorToCloud/read-only/bin/sensorToCloud' to '/legato/systems/current/appsWriteable/sensorToCloud/bin/s
May 17 22:32:20 swi-mdm9x15 user.info Legato:  INFO | supervisor[759]/supervisor T=main | resourceLimits.c SetRLimitValue() 282 | Setting resource limit maxCoreDumpFileBytes to value 102400.
May 17 22:32:20 swi-mdm9x15 user.info Legato:  INFO | supervisor[759]/supervisor T=main | resourceLimits.c SetRLimitValue() 282 | Setting resource limit maxFileBytes to value 102400.
May 17 22:32:20 swi-mdm9x15 user.info Legato:  INFO | supervisor[759]/supervisor T=main | resourceLimits.c SetRLimitValue() 282 | Setting resource limit maxLockedMemoryBytes to value 8192.
May 17 22:32:20 swi-mdm9x15 user.info Legato:  INFO | supervisor[759]/supervisor T=main | resourceLimits.c SetRLimitValue() 282 | Setting resource limit maxFileDescriptors to value 256.
May 17 22:32:20 swi-mdm9x15 user.info Legato:  INFO | supervisor[759]/supervisor T=main | resourceLimits.c SetRLimitValue() 282 | Setting resource limit maxMQueueBytes to value 512.
May 17 22:32:20 swi-mdm9x15 user.info Legato:  INFO | supervisor[759]/supervisor T=main | resourceLimits.c SetRLimitValue() 282 | Setting resource limit maxThreads to value 20.
May 17 22:32:20 swi-mdm9x15 user.info Legato:  INFO | supervisor[759]/supervisor T=main | resourceLimits.c SetRLimitValue() 282 | Setting resource limit maxQueuedSignals to value 100.
May 17 22:32:20 swi-mdm9x15 user.info Legato:  INFO | supervisor[759]/supervisor T=main | proc.c proc_Start() 1389 | Starting process 'sensorToCloud' with pid 3476
May 17 22:32:20 swi-mdm9x15 user.info Legato:  INFO | supervisor[759]/supervisor T=main | apps.c RestartApp() 401 | Application 'sensorToCloud' restarted.
May 17 22:32:20 swi-mdm9x15 user.info Legato:  INFO | supervisor[759]/supervisor T=main | supervisor.c SigChildHandler() 784 | Reaping unconfigured child process 3475.
May 17 22:32:20 swi-mdm9x15 user.info Legato:  INFO | supervisor[3476]/supervisor T=main | proc.c proc_Start() 1354 | Execing 'sensorToCloud'
May 17 22:32:20 swi-mdm9x15 user.warn Legato: -WRN- | _UNKNOWN_[3476]/framework T=main | LE_FILENAME VerifyUniquenessOfName() 489 | Multiple memory pools share the same name '.le_cfg_ClientData'. This will become illegal in future releases.
May 17 22:32:20 swi-mdm9x15 user.warn Legato: -WRN- | _UNKNOWN_[3476]/framework T=main | LE_FILENAME VerifyUniquenessOfName() 489 | Multiple memory pools share the same name '.le_cfg_ClientThreadData'. This will become illegal in future releases.
May 17 22:32:20 swi-mdm9x15 user.warn Legato: -WRN- | _UNKNOWN_[3476]/framework T=main | LE_FILENAME VerifyUniquenessOfName() 489 | Multiple memory pools share the same name 'framework.hashMap_refle_cfg_Cli'. This will become illegal in future releases.
May 17 22:32:20 swi-mdm9x15 user.warn Legato: -WRN- | _UNKNOWN_[3476]/framework T=main | LE_FILENAME le_fdMonitor_Create() 672 | FD Monitor object name 'sensorToCloud.avPublisher.le_cfg' truncated to 'sensorToCloud.avPublisher.le_cf'.
May 17 22:32:20 swi-mdm9x15 user.warn Legato: -WRN- | _UNKNOWN_[3476]/framework T=main | LE_FILENAME le_fdMonitor_Create() 672 | FD Monitor object name 'sensorToCloud.avPublisher.le_avdata' truncated to 'sensorToCloud.avPublisher.le_av'.
May 17 22:32:20 swi-mdm9x15 user.warn Legato: -WRN- | _UNKNOWN_[3476]/framework T=main | LE_FILENAME le_fdMonitor_Create() 672 | FD Monitor object name 'sensorToCloud.avPublisher.le_mrc' truncated to 'sensorToCloud.avPublisher.le_mr'.
May 17 22:32:20 swi-mdm9x15 user.warn Legato: -WRN- | _UNKNOWN_[3476]/framework T=main | LE_FILENAME le_fdMonitor_Create() 672 | FD Monitor object name 'sensorToCloud.avPublisher.le_sim' truncated to 'sensorToCloud.avPublisher.le_si'.
May 17 22:32:20 swi-mdm9x15 user.warn Legato: -WRN- | _UNKNOWN_[641]/le_pa T=unknown | pa_mrc_qmi.c ConvertPSState() 770 | PS state unknown
May 17 22:32:20 swi-mdm9x15 user.warn Legato: -WRN- | modemDaemon[1066]/le_pa T=unknown | pa_mrc_qmi.c ConvertPSState() 770 | PS state unknown
May 17 22:32:20 swi-mdm9x15 user.debug Legato:  DBUG | digitalService[1035]/framework T=main | LE_FILENAME ExtractFileDescriptor() 34 | Received fd (25).
May 17 22:32:20 swi-mdm9x15 user.warn Legato: -WRN- | modemDaemon[1066]/le_pa T=main | pa_sim_qmi.c MapSimState() 879 | More than one application 2
May 17 22:32:20 swi-mdm9x15 user.warn Legato: -WRN- | _UNKNOWN_[3476]/framework T=main | LE_FILENAME le_fdMonitor_Create() 672 | FD Monitor object name 'sensorToCloud.avPublisher.brnkl_digital' truncated to 'sensorToCloud.avPublisher.brnkl'.
May 17 22:32:20 swi-mdm9x15 user.debug Legato:  DBUG | gpsMonitor[1060]/framework T=main | LE_FILENAME ExtractFileDescriptor() 34 | Received fd (12).
May 17 22:32:20 swi-mdm9x15 user.warn Legato: -WRN- | _UNKNOWN_[3476]/framework T=main | LE_FILENAME le_fdMonitor_Create() 672 | FD Monitor object name 'sensorToCloud.avPublisher.brnkl_gps' truncated to 'sensorToCloud.avPublisher.brnkl'.
May 17 22:32:20 swi-mdm9x15 user.debug Legato:  DBUG | errorService[1042]/framework T=main | LE_FILENAME ExtractFileDescriptor() 34 | Received fd (13).
May 17 22:32:20 swi-mdm9x15 user.warn Legato: -WRN- | _UNKNOWN_[3476]/framework T=main | LE_FILENAME le_fdMonitor_Create() 672 | FD Monitor object name 'sensorToCloud.avPublisher.brnkl_error' truncated to 'sensorToCloud.avPublisher.brnkl'.
May 17 22:32:20 swi-mdm9x15 user.info Legato:  INFO | sensorToCloud[3476]/avPublisher T=main | avPublisher.c _avPublisher_COMPONENT_INIT() 1145 | sensorToCloud started
May 17 22:32:20 swi-mdm9x15 user.info Legato:  INFO | sensorToCloud[3476]/avPublisher T=main | avPublisher.c updateSensors() 515 | Updating sensorConfig...
May 17 22:32:20 swi-mdm9x15 user.info Legato:  INFO | sensorToCloud[3476]/avPublisher T=main | avPublisher.c isEnabled() 510 | /digitalService/sensorConfig/gps_showOnGrid:-1
May 17 22:32:20 swi-mdm9x15 user.info Legato:  INFO | sensorToCloud[3476]/avPublisher T=main | avPublisher.c isEnabled() 510 | /digitalService/sensorConfig/pressure1_showOnGrid:-1
May 17 22:32:20 swi-mdm9x15 user.info Legato:  INFO | sensorToCloud[3476]/avPublisher T=main | avPublisher.c isEnabled() 510 | /digitalService/sensorConfig/humidity1_showOnGrid:-1
May 17 22:32:20 swi-mdm9x15 user.info Legato:  INFO | sensorToCloud[3476]/avPublisher T=main | avPublisher.c isEnabled() 510 | /digitalService/sensorConfig/digital1_showOnGrid:-21
May 17 22:32:20 swi-mdm9x15 user.info Legato:  INFO | sensorToCloud[3476]/avPublisher T=main | avPublisher.c isEnabled() 510 | /digitalService/sensorConfig/digital2_showOnGrid:-21
May 17 22:32:20 swi-mdm9x15 user.info Legato:  INFO | sensorToCloud[3476]/avPublisher T=main | avPublisher.c isEnabled() 510 | /digitalService/sensorConfig/digital3_showOnGrid:-21
May 17 22:32:20 swi-mdm9x15 user.info Legato:  INFO | sensorToCloud[3476]/avPublisher T=main | avPublisher.c isEnabled() 510 | /digitalService/sensorConfig/digital4_showOnGrid:-21
May 17 22:32:20 swi-mdm9x15 user.info Legato:  INFO | sensorToCloud[3476]/avPublisher T=main | avPublisher.c isEnabled() 510 | /digitalService/sensorConfig/bilge1_showOnGrid:-21
May 17 22:32:20 swi-mdm9x15 user.info Legato:  INFO | sensorToCloud[3476]/avPublisher T=main | avPublisher.c isEnabled() 510 | /digitalService/sensorConfig/shorepwr1_showOnGrid:-21
May 17 22:32:20 swi-mdm9x15 user.info Legato:  INFO | sensorToCloud[3476]/avPublisher T=main | avPublisher.c isEnabled() 510 | /digitalService/sensorConfig/pir1_showOnGrid:-21
May 17 22:32:20 swi-mdm9x15 user.info Legato:  INFO | sensorToCloud[3476]/avPublisher T=main | avPublisher.c isEnabled() 510 | /digitalService/sensorConfig/pushbtn1_showOnGrid:-21
May 17 22:32:20 swi-mdm9x15 user.info Legato:  INFO | sensorToCloud[3476]/avPublisher T=main | avPublisher.c isEnabled() 510 | /digitalService/sensorConfig/temp1_showOnGrid:-1
May 17 22:32:20 swi-mdm9x15 user.info Legato:  INFO | sensorToCloud[3476]/avPublisher T=main | avPublisher.c isEnabled() 510 | /digitalService/sensorConfig/analog1_showOnGrid:-1
May 17 22:32:20 swi-mdm9x15 user.info Legato:  INFO | sensorToCloud[3476]/avPublisher T=main | avPublisher.c isEnabled() 510 | /digitalService/sensorConfig/analog2_showOnGrid:-1
May 17 22:32:20 swi-mdm9x15 user.info Legato:  INFO | sensorToCloud[3476]/avPublisher T=main | avPublisher.c isEnabled() 510 | /digitalService/sensorConfig/analog3_showOnGrid:-1
May 17 22:32:20 swi-mdm9x15 user.info Legato:  INFO | sensorToCloud[3476]/avPublisher T=main | avPublisher.c isEnabled() 510 | /digitalService/sensorConfig/analog4_showOnGrid:-1
May 17 22:32:20 swi-mdm9x15 user.info Legato:  INFO | sensorToCloud[3476]/avPublisher T=main | avPublisher.c isEnabled() 510 | /digitalService/sensorConfig/accelerometer_showOnGrid:-1
May 17 22:32:20 swi-mdm9x15 user.info Legato:  INFO | sensorToCloud[3476]/avPublisher T=main | avPublisher.c isEnabled() 510 | /digitalService/sensorConfig/cellstrength_showOnGrid:-1
May 17 22:32:20 swi-mdm9x15 user.info Legato:  INFO | sensorToCloud[3476]/avPublisher T=main | avPublisher.c updateSensors() 520 | Updating sensorConfig complete
May 17 22:32:20 swi-mdm9x15 user.info Legato:  INFO | sensorToCloud[3476]/avPublisher T=main | avPublisher.c _avPublisher_COMPONENT_INIT() 1159 | AirVantage Connection Controller started.
May 17 22:32:20 swi-mdm9x15 user.err Legato: =ERR= | modemDaemon[1066]/swiQmi T=main | swiQmi.c swiQmi_CheckResponse() 795 | Sending QMI_NAS_GET_RF_BAND_INFO_REQ_MSG_V01 failed: rc=0 (), resp.result=1.[0x01], resp.error=74.[0x4a]
May 17 22:32:20 swi-mdm9x15 user.err Legato: =ERR= | modemDaemon[1066]/le_pa T=main | pa_mrc_qmi.c pa_mrc_GetRadioAccessTechInUse() 3686 | The device is not registered on the network
May 17 22:32:20 swi-mdm9x15 user.err Legato: =ERR= | modemDaemon[1066]/le_pa T=main | pa_mrc_qmi.c pa_mrc_GetRadioAccessTechInUse() 3689 | Failed to retrieve the RAT
May 17 22:32:20 swi-mdm9x15 user.info Legato:  INFO | dcsDaemon[1026]/dcsDaemon T=main | dcsServer.c TryStartTechSession() 1570 | Cellular not available for starting a data session
May 17 22:32:22 swi-mdm9x15 user.warn Legato: -WRN- | dcsDaemon[1026]/le_pa_dcs T=main | pa_dcs_linux.c pa_dcs_SetDefaultGateway() 568 | Default gateway or interface is empty
May 17 22:32:22 swi-mdm9x15 user.err Legato: =ERR= | modemDaemon[1066]/swiQmi T=main | swiQmi.c swiQmi_CheckResponse() 795 | Sending QMI_NAS_GET_RF_BAND_INFO_REQ_MSG_V01 failed: rc=0 (), resp.result=1.[0x01], resp.error=74.[0x4a]
May 17 22:32:22 swi-mdm9x15 user.err Legato: =ERR= | modemDaemon[1066]/le_pa T=main | pa_mrc_qmi.c pa_mrc_GetRadioAccessTechInUse() 3686 | The device is not registered on the network
May 17 22:32:22 swi-mdm9x15 user.err Legato: =ERR= | modemDaemon[1066]/le_pa T=main | pa_mrc_qmi.c pa_mrc_GetRadioAccessTechInUse() 3689 | Failed to retrieve the RAT
May 17 22:32:22 swi-mdm9x15 user.info Legato:  INFO | dcsDaemon[1026]/dcsDaemon T=main | dcsServer.c TryStartTechSession() 1570 | Cellular not available for starting a data session
May 17 22:32:26 swi-mdm9x15 user.warn Legato: -WRN- | dcsDaemon[1026]/le_pa_dcs T=main | pa_dcs_linux.c pa_dcs_SetDefaultGateway() 568 | Default gateway or interface is empty
May 17 22:32:26 swi-mdm9x15 user.err Legato: =ERR= | modemDaemon[1066]/swiQmi T=main | swiQmi.c swiQmi_CheckResponse() 795 | Sending QMI_NAS_GET_RF_BAND_INFO_REQ_MSG_V01 failed: rc=0 (), resp.result=1.[0x01], resp.error=74.[0x4a]
May 17 22:32:26 swi-mdm9x15 user.err Legato: =ERR= | modemDaemon[1066]/le_pa T=main | pa_mrc_qmi.c pa_mrc_GetRadioAccessTechInUse() 3686 | The device is not registered on the network
May 17 22:32:26 swi-mdm9x15 user.err Legato: =ERR= | modemDaemon[1066]/le_pa T=main | pa_mrc_qmi.c pa_mrc_GetRadioAccessTechInUse() 3689 | Failed to retrieve the RAT
May 17 22:32:26 swi-mdm9x15 user.info Legato:  INFO | dcsDaemon[1026]/dcsDaemon T=main | dcsServer.c TryStartTechSession() 1570 | Cellular not available for starting a data session
May 17 22:32:34 swi-mdm9x15 user.warn Legato: -WRN- | dcsDaemon[1026]/le_pa_dcs T=main | pa_dcs_linux.c pa_dcs_SetDefaultGateway() 568 | Default gateway or interface is empty
May 17 22:32:34 swi-mdm9x15 user.err Legato: =ERR= | modemDaemon[1066]/swiQmi T=main | swiQmi.c swiQmi_CheckResponse() 795 | Sending QMI_NAS_GET_RF_BAND_INFO_REQ_MSG_V01 failed: rc=0 (), resp.result=1.[0x01], resp.error=74.[0x4a]
May 17 22:32:34 swi-mdm9x15 user.err Legato: =ERR= | modemDaemon[1066]/le_pa T=main | pa_mrc_qmi.c pa_mrc_GetRadioAccessTechInUse() 3686 | The device is not registered on the network
May 17 22:32:34 swi-mdm9x15 user.err Legato: =ERR= | modemDaemon[1066]/le_pa T=main | pa_mrc_qmi.c pa_mrc_GetRadioAccessTechInUse() 3689 | Failed to retrieve the RAT
May 17 22:32:34 swi-mdm9x15 user.info Legato:  INFO | dcsDaemon[1026]/dcsDaemon T=main | dcsServer.c TryStartTechSession() 1570 | Cellular not available for starting a data session
May 17 22:32:50 swi-mdm9x15 user.warn Legato: -WRN- | dcsDaemon[1026]/le_pa_dcs T=main | pa_dcs_linux.c pa_dcs_SetDefaultGateway() 568 | Default gateway or interface is empty
May 17 22:32:50 swi-mdm9x15 user.err Legato: =ERR= | modemDaemon[1066]/swiQmi T=main | swiQmi.c swiQmi_CheckResponse() 795 | Sending QMI_NAS_GET_RF_BAND_INFO_REQ_MSG_V01 failed: rc=0 (), resp.result=1.[0x01], resp.error=74.[0x4a]
May 17 22:32:50 swi-mdm9x15 user.err Legato: =ERR= | modemDaemon[1066]/le_pa T=main | pa_mrc_qmi.c pa_mrc_GetRadioAccessTechInUse() 3686 | The device is not registered on the network
May 17 22:32:50 swi-mdm9x15 user.err Legato: =ERR= | modemDaemon[1066]/le_pa T=main | pa_mrc_qmi.c pa_mrc_GetRadioAccessTechInUse() 3689 | Failed to retrieve the RAT
May 17 22:32:50 swi-mdm9x15 user.info Legato:  INFO | dcsDaemon[1026]/dcsDaemon T=main | dcsServer.c TryStartTechSession() 1570 | Cellular not available for starting a data session
May 17 22:33:22 swi-mdm9x15 user.warn Legato: -WRN- | dcsDaemon[1026]/le_pa_dcs T=main | pa_dcs_linux.c pa_dcs_SetDefaultGateway() 568 | Default gateway or interface is empty
May 17 22:33:22 swi-mdm9x15 user.err Legato: =ERR= | modemDaemon[1066]/swiQmi T=main | swiQmi.c swiQmi_CheckResponse() 795 | Sending QMI_NAS_GET_RF_BAND_INFO_REQ_MSG_V01 failed: rc=0 (), resp.result=1.[0x01], resp.error=74.[0x4a]
May 17 22:33:22 swi-mdm9x15 user.err Legato: =ERR= | modemDaemon[1066]/le_pa T=main | pa_mrc_qmi.c pa_mrc_GetRadioAccessTechInUse() 3686 | The device is not registered on the network
May 17 22:33:22 swi-mdm9x15 user.err Legato: =ERR= | modemDaemon[1066]/le_pa T=main | pa_mrc_qmi.c pa_mrc_GetRadioAccessTechInUse() 3689 | Failed to retrieve the RAT
May 17 22:33:23 swi-mdm9x15 user.info Legato:  INFO | dcsDaemon[1026]/dcsDaemon T=main | dcsServer.c TryStartTechSession() 1570 | Cellular not available for starting a data session
May 17 22:33:51 swi-mdm9x15 user.warn Legato: -WRN- | modemDaemon[1066]/le_pa T=main | pa_sim_qmi.c MapSimState() 879 | More than one application 2
May 17 22:33:57 swi-mdm9x15 user.warn Legato: -WRN- | modemDaemon[1066]/le_pa T=main | pa_sim_qmi.c MapSimState() 879 | More than one application 2
May 17 22:33:58 swi-mdm9x15 user.err Legato: =ERR= | modemDaemon[1066]/swiQmi T=main | swiQmi.c swiQmi_CheckResponse() 795 | Sending QMI_WDS_START_NETWORK_INTERFACE_REQ_V01 failed: rc=0 (), resp.result=1.[0x01], resp.error=14.[0x0e]
May 17 22:33:58 swi-mdm9x15 user.err Legato: =ERR= | modemDaemon[1066]/le_pa T=main | pa_mdc_qmi.c StartSession() 1954 | Data connection failure Call End provided 44, Code 12
May 17 22:33:58 swi-mdm9x15 user.err Legato: =ERR= | modemDaemon[1066]/le_pa T=main | pa_mdc_qmi.c StartSession() 1965 | Data connection failure Verbose Call End provided Type 2, Verbose 201
May 17 22:33:58 swi-mdm9x15 user.err Legato: =ERR= | modemDaemon[1066]/modemDaemon T=main | le_mdc.c le_mdc_StartSession() 1030 | Get Async Connection failure 44, 12, 2, 201
May 17 22:33:59 swi-mdm9x15 user.warn Legato: -WRN- | _UNKNOWN_[641]/le_pa T=unknown | pa_mrc_qmi.c ConvertPSState() 770 | PS state unknown
May 17 22:33:59 swi-mdm9x15 user.warn Legato: -WRN- | modemDaemon[1066]/le_pa T=unknown | pa_mrc_qmi.c ConvertPSState() 770 | PS state unknown
May 17 22:33:59 swi-mdm9x15 user.err Legato: =ERR= | dcsDaemon[1026]/dcsDaemon T=main | dcsServer.c PacketSwitchHandler() 1973 | New PS state unknown PS state 5
May 17 22:33:59 swi-mdm9x15 user.warn Legato: -WRN- | modemDaemon[1066]/le_pa T=main | pa_sim_qmi.c MapSimState() 879 | More than one application 2
May 17 22:34:00 swi-mdm9x15 user.info Legato:  INFO | modemDaemon[1066]/le_pa T=main | pa_sim_qmi.c InternalSimToolkitHandler() 1448 | QMI_UIM_REFRESH_COMPLETE_REQ_V01: Err 0 resp 0
May 17 22:34:00 swi-mdm9x15 user.warn Legato: -WRN- | modemDaemon[1066]/le_pa T=main | pa_sim_qmi.c MapSimState() 879 | More than one application 2
May 17 22:34:00 swi-mdm9x15 user.warn Legato: -WRN- | modemDaemon[1066]/le_pa T=main | pa_sim_qmi.c MapSimState() 879 | More than one application 2
May 17 22:34:00 swi-mdm9x15 user.warn Legato: -WRN- | modemDaemon[1066]/le_pa T=main | pa_sim_qmi.c MapSimState() 879 | More than one application 2
May 17 22:34:00 swi-mdm9x15 user.info Legato:  INFO | modemDaemon[1066]/modemDaemon T=main | le_sim.c SimToolkitHandler() 931 | Update SIM Card information after a refresh
May 17 22:34:01 swi-mdm9x15 user.warn Legato: -WRN- | modemDaemon[1066]/le_pa T=main | pa_sim_qmi.c RetrieveSimApplicationType() 1942 | More than one application 2)
May 17 22:34:01 swi-mdm9x15 user.err Legato: =ERR= | modemDaemon[1066]/le_pa_default T=main | pa_sim_default.c pa_sim_GetCardEID() 121 | Unsupported function called
May 17 22:34:01 swi-mdm9x15 user.warn Legato: -WRN- | _UNKNOWN_[641]/le_pa T=unknown | pa_mrc_qmi.c ConvertPSState() 770 | PS state unknown
May 17 22:34:01 swi-mdm9x15 user.warn Legato: -WRN- | modemDaemon[1066]/le_pa T=unknown | pa_mrc_qmi.c ConvertPSState() 770 | PS state unknown
May 17 22:34:01 swi-mdm9x15 user.err Legato: =ERR= | dcsDaemon[1026]/dcsDaemon T=main | dcsServer.c PacketSwitchHandler() 1973 | New PS state unknown PS state 5
May 17 22:34:01 swi-mdm9x15 user.warn Legato: -WRN- | modemDaemon[1066]/le_pa T=main | pa_sim_qmi.c MapSimState() 879 | More than one application 2
May 17 22:34:01 swi-mdm9x15 user.warn Legato: -WRN- | modemDaemon[1066]/le_pa T=main | pa_sim_qmi.c MapSimState() 879 | More than one application 2
May 17 22:34:05 swi-mdm9x15 user.err Legato: =ERR= | _UNKNOWN_[641]/le_pa T=unknown | pa_mrc_qmi.c EventReportHandler() 1433 | Network Registration failed error code 21
May 17 22:34:05 swi-mdm9x15 user.err Legato: =ERR= | modemDaemon[1066]/le_pa T=unknown | pa_mrc_qmi.c EventReportHandler() 1433 | Network Registration failed error code 21
May 17 22:34:05 swi-mdm9x15 user.info Legato:  INFO | modemDaemon[1066]/modemDaemon T=main | le_mrc.c NetworkRejectIndHandler() 1410 | Network Reject Ind Handler called with RAT.5, mcc. and mnc.
May 17 22:34:07 swi-mdm9x15 user.err Legato: =ERR= | _UNKNOWN_[641]/le_pa T=unknown | pa_mrc_qmi.c EventReportHandler() 1433 | Network Registration failed error code 21
May 17 22:34:07 swi-mdm9x15 user.err Legato: =ERR= | modemDaemon[1066]/le_pa T=unknown | pa_mrc_qmi.c EventReportHandler() 1433 | Network Registration failed error code 21
May 17 22:34:07 swi-mdm9x15 user.info Legato:  INFO | modemDaemon[1066]/modemDaemon T=main | le_mrc.c NetworkRejectIndHandler() 1410 | Network Reject Ind Handler called with RAT.5, mcc. and mnc.
May 17 22:34:07 swi-mdm9x15 user.err Legato: =ERR= | _UNKNOWN_[641]/le_pa T=unknown | pa_mrc_qmi.c EventReportHandler() 1433 | Network Registration failed error code 3
May 17 22:34:07 swi-mdm9x15 user.err Legato: =ERR= | modemDaemon[1066]/le_pa T=unknown | pa_mrc_qmi.c EventReportHandler() 1433 | Network Registration failed error code 3
May 17 22:34:07 swi-mdm9x15 user.info Legato:  INFO | modemDaemon[1066]/modemDaemon T=main | le_mrc.c NetworkRejectIndHandler() 1410 | Network Reject Ind Handler called with RAT.5, mcc. and mnc.
May 17 22:34:12 swi-mdm9x15 user.warn Legato: -WRN- | modemDaemon[1066]/le_pa T=main | pa_sim_qmi.c MapSimState() 879 | More than one application 2
May 17 22:34:12 swi-mdm9x15 user.warn Legato: -WRN- | modemDaemon[1066]/le_pa T=main | pa_sim_qmi.c MapSimState() 879 | More than one application 2
May 17 22:34:13 swi-mdm9x15 user.warn Legato: -WRN- | modemDaemon[1066]/le_pa T=unknown | pa_mrc_qmi.c ConvertPSState() 770 | PS state unknown
May 17 22:34:13 swi-mdm9x15 user.warn Legato: -WRN- | _UNKNOWN_[641]/le_pa T=unknown | pa_mrc_qmi.c ConvertPSState() 770 | PS state unknown
May 17 22:34:13 swi-mdm9x15 user.warn Legato: -WRN- | modemDaemon[1066]/le_pa T=main | pa_sim_qmi.c MapSimState() 879 | More than one application 2
May 17 22:34:13 swi-mdm9x15 user.info Legato:  INFO | modemDaemon[1066]/le_pa T=main | pa_sim_qmi.c InternalSimToolkitHandler() 1448 | QMI_UIM_REFRESH_COMPLETE_REQ_V01: Err 0 resp 0
May 17 22:34:13 swi-mdm9x15 user.warn Legato: -WRN- | modemDaemon[1066]/le_pa T=main | pa_sim_qmi.c MapSimState() 879 | More than one application 2
May 17 22:34:14 swi-mdm9x15 user.warn Legato: -WRN- | modemDaemon[1066]/le_pa T=main | pa_sim_qmi.c MapSimState() 879 | More than one application 2
May 17 22:34:14 swi-mdm9x15 user.info Legato:  INFO | modemDaemon[1066]/modemDaemon T=main | le_sim.c SimToolkitHandler() 931 | Update SIM Card information after a refresh
May 17 22:34:14 swi-mdm9x15 user.warn Legato: -WRN- | modemDaemon[1066]/le_pa T=main | pa_sim_qmi.c RetrieveSimApplicationType() 1942 | More than one application 2)
May 17 22:34:14 swi-mdm9x15 user.err Legato: =ERR= | modemDaemon[1066]/le_pa_default T=main | pa_sim_default.c pa_sim_GetCardEID() 121 | Unsupported function called
May 17 22:34:14 swi-mdm9x15 user.warn Legato: -WRN- | _UNKNOWN_[641]/le_pa T=unknown | pa_mrc_qmi.c ConvertPSState() 770 | PS state unknown
May 17 22:34:14 swi-mdm9x15 user.warn Legato: -WRN- | modemDaemon[1066]/le_pa T=unknown | pa_mrc_qmi.c ConvertPSState() 770 | PS state unknown
May 17 22:34:14 swi-mdm9x15 user.warn Legato: -WRN- | _UNKNOWN_[641]/le_pa T=unknown | pa_mrc_qmi.c ConvertPSState() 770 | PS state unknown
May 17 22:34:14 swi-mdm9x15 user.warn Legato: -WRN- | modemDaemon[1066]/le_pa T=unknown | pa_mrc_qmi.c ConvertPSState() 770 | PS state unknown
May 17 22:34:14 swi-mdm9x15 user.warn Legato: -WRN- | modemDaemon[1066]/le_pa T=main | pa_sim_qmi.c MapSimState() 879 | More than one application 2
May 17 22:34:15 swi-mdm9x15 user.warn Legato: -WRN- | modemDaemon[1066]/modemDaemon T=main | le_mdc.c le_mdc_IsIPv6() 1733 | Could not get the Session Type
May 17 22:34:15 swi-mdm9x15 user.warn Legato: -WRN- | modemDaemon[1066]/modemDaemon T=main | le_mdc.c le_mdc_IsIPv4() 1699 | Could not get the Session Type
May 17 22:34:15 swi-mdm9x15 user.err Legato: =ERR= | dcsDaemon[1026]/dcsDaemon T=main | dcsServer.c SetRouteConfiguration() 1134 | Profile is not using IPv4 nor IPv6
May 17 22:34:15 swi-mdm9x15 user.err Legato: =ERR= | dcsDaemon[1026]/dcsDaemon T=main | dcsServer.c SetDefaultRouteAndDns() 1308 | Failed to set configuration route
May 17 22:34:15 swi-mdm9x15 user.info Legato:  INFO | dcsDaemon[1026]/dcsDaemon T=main | dcsServer.c TryStartDataSession() 1413 | Delaying data connection attempt.
May 17 22:34:15 swi-mdm9x15 user.err Legato: =ERR= | dcsDaemon[1026]/dcsDaemon T=main | dcsServer.c PacketSwitchHandler() 1973 | New PS state unknown PS state 5
May 17 22:34:15 swi-mdm9x15 user.err Legato: =ERR= | dcsDaemon[1026]/dcsDaemon T=main | dcsServer.c PacketSwitchHandler() 1973 | New PS state unknown PS state 5
May 17 22:34:15 swi-mdm9x15 user.info Legato:  INFO | avcDaemon[1195]/avcDaemon T=main | avcClient.c BearerEventCb() 251 | Connected 1
May 17 22:34:15 swi-mdm9x15 user.err Legato: =ERR= | modemDaemon[1066]/swiQmi T=main | swiQmi.c swiQmi_CheckResponse() 795 | Sending QMI_NAS_GET_RF_BAND_INFO_REQ_MSG_V01 failed: rc=0 (), resp.result=1.[0x01], resp.error=74.[0x4a]
May 17 22:34:15 swi-mdm9x15 user.err Legato: =ERR= | modemDaemon[1066]/le_pa T=main | pa_mrc_qmi.c pa_mrc_GetRadioAccessTechInUse() 3686 | The device is not registered on the network
May 17 22:34:15 swi-mdm9x15 user.err Legato: =ERR= | modemDaemon[1066]/le_pa T=main | pa_mrc_qmi.c pa_mrc_GetRadioAccessTechInUse() 3689 | Failed to retrieve the RAT
May 17 22:34:15 swi-mdm9x15 user.warn Legato: -WRN- | modemDaemon[1066]/modemDaemon T=main | le_mdc.c le_mdc_IsIPv6() 1733 | Could not get the Session Type
May 17 22:34:15 swi-mdm9x15 user.warn Legato: -WRN- | avcDaemon[1195]/avcDaemon T=main | avcClient.c ConnectionStateHandler() 317 | Disconnected from data connection service, current state 1
May 17 22:34:15 swi-mdm9x15 user.info Legato:  INFO | avcDaemon[1195]/avcDaemon T=main | avcClient.c BearerEventCb() 251 | Connected 0
May 17 22:34:15 swi-mdm9x15 user.err Legato: =ERR= | avcDaemon[1195]/avcDaemon T=main | osTimer.c lwm2mcore_TimerStop() 173 | Unable to stop the timer
May 17 22:34:15 swi-mdm9x15 user.warn Legato: -WRN- | dcsDaemon[1026]/le_pa_dcs T=main | pa_dcs_linux.c pa_dcs_SetDefaultGateway() 568 | Default gateway or interface is empty
May 17 22:34:15 swi-mdm9x15 user.info Legato:  INFO | errorService[1042]/errorHandler T=main | errorHandler.c avSessionStateHandler() 66 | AV Session State Handler 1
May 17 22:34:15 swi-mdm9x15 user.warn Legato: -WRN- | errorService[1042]/errorHandler T=main | errorHandler.c avSessionStateHandler() 74 | Lost AV session
May 17 22:34:15 swi-mdm9x15 user.info Legato:  INFO | errorService[1042]/errorHandler T=main | errorHandler.c avSessionStateHandler() 75 | Releasing AV session
May 17 22:34:15 swi-mdm9x15 user.info Legato:  INFO | photoService[1079]/photoManager T=main | photoManager.c avSessionStateHandler() 662 | AV Session State Handler 1
May 17 22:34:15 swi-mdm9x15 user.warn Legato: -WRN- | photoService[1079]/photoManager T=main | photoManager.c avSessionStateHandler() 670 | Lost AV session
May 17 22:34:15 swi-mdm9x15 user.info Legato:  INFO | photoService[1079]/photoManager T=main | photoManager.c avSessionStateHandler() 671 | Releasing AV session
May 17 22:34:15 swi-mdm9x15 user.info Legato:  INFO | sensorToCloud[3476]/avPublisher T=main | avPublisher.c avSessionStateHandler() 1069 | AV Session State Handler 1
May 17 22:34:15 swi-mdm9x15 user.warn Legato: -WRN- | sensorToCloud[3476]/avPublisher T=main | avPublisher.c avSessionStateHandler() 1086 | Lost AV session
May 17 22:34:15 swi-mdm9x15 user.warn Legato: -WRN- | sensorToCloud[3476]/avPublisher T=main | avPublisher.c avSessionStateHandler() 1087 | Starting session retry timer
May 17 22:34:15 swi-mdm9x15 user.info Legato:  INFO | avcControl[1014]/avcControl T=main | avcControl.c StatusHandler() 167 | Air Vantage agent reported update status: SESSION_STOPPED
May 17 22:34:15 swi-mdm9x15 user.err Legato: =ERR= | avcDaemon[1195]/avcDaemon T=main | avData.c le_avdata_ReleaseSession() 3839 | Invalid session request reference (nil)
May 17 22:34:15 swi-mdm9x15 user.err Legato: =ERR= | avcDaemon[1195]/avcDaemon T=main | avData.c le_avdata_ReleaseSession() 3839 | Invalid session request reference (nil)
May 17 22:34:16 swi-mdm9x15 user.warn Legato: -WRN- | dcsDaemon[1026]/le_pa_dcs T=main | pa_dcs_linux.c pa_dcs_SetDefaultGateway() 568 | Default gateway or interface is empty
May 17 22:34:16 swi-mdm9x15 user.err Legato: =ERR= | modemDaemon[1066]/swiQmi T=main | swiQmi.c swiQmi_CheckResponse() 795 | Sending QMI_NAS_GET_RF_BAND_INFO_REQ_MSG_V01 failed: rc=0 (), resp.result=1.[0x01], resp.error=74.[0x4a]
May 17 22:34:16 swi-mdm9x15 user.err Legato: =ERR= | modemDaemon[1066]/le_pa T=main | pa_mrc_qmi.c pa_mrc_GetRadioAccessTechInUse() 3686 | The device is not registered on the network
May 17 22:34:16 swi-mdm9x15 user.err Legato: =ERR= | modemDaemon[1066]/le_pa T=main | pa_mrc_qmi.c pa_mrc_GetRadioAccessTechInUse() 3689 | Failed to retrieve the RAT
May 17 22:34:17 swi-mdm9x15 user.warn Legato: -WRN- | _UNKNOWN_[641]/le_pa T=unknown | pa_mrc_qmi.c ConvertPSState() 770 | PS state unknown
May 17 22:34:17 swi-mdm9x15 user.warn Legato: -WRN- | modemDaemon[1066]/le_pa T=unknown | pa_mrc_qmi.c ConvertPSState() 770 | PS state unknown
May 17 22:34:21 swi-mdm9x15 user.warn Legato: -WRN- | _UNKNOWN_[641]/le_pa T=unknown | pa_mrc_qmi.c ConvertPSState() 770 | PS state unknown
May 17 22:34:21 swi-mdm9x15 user.warn Legato: -WRN- | modemDaemon[1066]/le_pa T=unknown | pa_mrc_qmi.c ConvertPSState() 770 | PS state unknown
May 17 22:34:21 swi-mdm9x15 user.warn Legato: -WRN- | modemDaemon[1066]/le_pa T=main | pa_sim_qmi.c MapSimState() 879 | More than one application 2
May 17 22:35:15 swi-mdm9x15 user.err Legato: =ERR= | _UNKNOWN_[641]/le_pa T=unknown | pa_mrc_qmi.c EventReportHandler() 1433 | Network Registration failed error code 13
May 17 22:35:15 swi-mdm9x15 user.err Legato: =ERR= | modemDaemon[1066]/le_pa T=unknown | pa_mrc_qmi.c EventReportHandler() 1433 | Network Registration failed error code 13
May 17 22:35:15 swi-mdm9x15 user.info Legato:  INFO | modemDaemon[1066]/modemDaemon T=main | le_mrc.c NetworkRejectIndHandler() 1410 | Network Reject Ind Handler called with RAT.5, mcc. and mnc.
May 17 22:35:16 swi-mdm9x15 user.err Legato: =ERR= | _UNKNOWN_[641]/le_pa T=unknown | pa_mrc_qmi.c EventReportHandler() 1433 | Network Registration failed error code 14
May 17 22:35:16 swi-mdm9x15 user.err Legato: =ERR= | modemDaemon[1066]/le_pa T=unknown | pa_mrc_qmi.c EventReportHandler() 1433 | Network Registration failed error code 14
May 17 22:35:16 swi-mdm9x15 user.info Legato:  INFO | modemDaemon[1066]/modemDaemon T=main | le_mrc.c NetworkRejectIndHandler() 1410 | Network Reject Ind Handler called with RAT.5, mcc. and mnc.
May 17 22:36:48 swi-mdm9x15 user.warn Legato: -WRN- | _UNKNOWN_[641]/le_pa T=unknown | pa_mrc_qmi.c ConvertPSState() 770 | PS state unknown
May 17 22:36:48 swi-mdm9x15 user.warn Legato: -WRN- | modemDaemon[1066]/le_pa T=unknown | pa_mrc_qmi.c ConvertPSState() 770 | PS state unknown
May 17 22:36:48 swi-mdm9x15 user.err Legato: =ERR= | dcsDaemon[1026]/dcsDaemon T=main | dcsServer.c PacketSwitchHandler() 1973 | New PS state unknown PS state 5
May 17 22:36:48 swi-mdm9x15 user.warn Legato: -WRN- | modemDaemon[1066]/le_pa T=main | pa_sim_qmi.c MapSimState() 879 | More than one application 2
May 17 22:36:49 swi-mdm9x15 user.info Legato:  INFO | modemDaemon[1066]/le_pa T=main | pa_sim_qmi.c InternalSimToolkitHandler() 1448 | QMI_UIM_REFRESH_COMPLETE_REQ_V01: Err 0 resp 0
May 17 22:36:49 swi-mdm9x15 user.warn Legato: -WRN- | modemDaemon[1066]/le_pa T=main | pa_sim_qmi.c MapSimState() 879 | More than one application 2
May 17 22:36:49 swi-mdm9x15 user.warn Legato: -WRN- | modemDaemon[1066]/le_pa T=main | pa_sim_qmi.c MapSimState() 879 | More than one application 2
May 17 22:36:49 swi-mdm9x15 user.warn Legato: -WRN- | modemDaemon[1066]/le_pa T=main | pa_sim_qmi.c MapSimState() 879 | More than one application 2
May 17 22:36:49 swi-mdm9x15 user.info Legato:  INFO | modemDaemon[1066]/modemDaemon T=main | le_sim.c SimToolkitHandler() 931 | Update SIM Card information after a refresh
May 17 22:36:50 swi-mdm9x15 user.warn Legato: -WRN- | modemDaemon[1066]/le_pa T=main | pa_sim_qmi.c RetrieveSimApplicationType() 1942 | More than one application 2)
May 17 22:36:50 swi-mdm9x15 user.err Legato: =ERR= | modemDaemon[1066]/le_pa_default T=main | pa_sim_default.c pa_sim_GetCardEID() 121 | Unsupported function called
May 17 22:36:50 swi-mdm9x15 user.warn Legato: -WRN- | _UNKNOWN_[641]/le_pa T=unknown | pa_mrc_qmi.c ConvertPSState() 770 | PS state unknown
May 17 22:36:50 swi-mdm9x15 user.warn Legato: -WRN- | modemDaemon[1066]/le_pa T=unknown | pa_mrc_qmi.c ConvertPSState() 770 | PS state unknown
May 17 22:36:50 swi-mdm9x15 user.err Legato: =ERR= | dcsDaemon[1026]/dcsDaemon T=main | dcsServer.c PacketSwitchHandler() 1973 | New PS state unknown PS state 5
May 17 22:36:50 swi-mdm9x15 user.warn Legato: -WRN- | modemDaemon[1066]/le_pa T=main | pa_sim_qmi.c MapSimState() 879 | More than one application 2
May 17 22:36:50 swi-mdm9x15 user.warn Legato: -WRN- | modemDaemon[1066]/le_pa T=main | pa_sim_qmi.c MapSimState() 879 | More than one application 2
May 17 22:36:57 swi-mdm9x15 user.warn Legato: -WRN- | modemDaemon[1066]/le_pa T=main | pa_sim_qmi.c MapSimState() 879 | More than one application 2
May 17 22:37:20 swi-mdm9x15 user.info Legato:  INFO | sensorToCloud[3476]/avPublisher T=main | avPublisher.c sessionTimerHandler() 1104 | No AV session timeout handler
May 17 22:37:20 swi-mdm9x15 user.info Legato:  INFO | sensorToCloud[3476]/avPublisher T=main | avPublisher.c sessionTimerHandler() 1107 | Releasing AV session
May 17 22:37:20 swi-mdm9x15 user.info Legato:  INFO | sensorToCloud[3476]/avPublisher T=main | avPublisher.c sessionTimerHandler() 1111 | Attempting to Re-requesting AV session
May 17 22:37:20 swi-mdm9x15 user.info Legato:  INFO | sensorToCloud[3476]/avPublisher T=main | avPublisher.c sessionTimerHandler() 1117 | AirVantage Connection Controller started.
May 17 22:37:20 swi-mdm9x15 user.info Legato:  INFO | sensorToCloud[3476]/avPublisher T=main | avPublisher.c updateSensors() 515 | Updating sensorConfig...
May 17 22:37:20 swi-mdm9x15 user.info Legato:  INFO | sensorToCloud[3476]/avPublisher T=main | avPublisher.c isEnabled() 510 | /digitalService/sensorConfig/gps_showOnGrid:-1
May 17 22:37:20 swi-mdm9x15 user.info Legato:  INFO | sensorToCloud[3476]/avPublisher T=main | avPublisher.c isEnabled() 510 | /digitalService/sensorConfig/pressure1_showOnGrid:-1
May 17 22:37:20 swi-mdm9x15 user.info Legato:  INFO | sensorToCloud[3476]/avPublisher T=main | avPublisher.c isEnabled() 510 | /digitalService/sensorConfig/humidity1_showOnGrid:-1
May 17 22:37:20 swi-mdm9x15 user.info Legato:  INFO | sensorToCloud[3476]/avPublisher T=main | avPublisher.c isEnabled() 510 | /digitalService/sensorConfig/digital1_showOnGrid:-21
May 17 22:37:20 swi-mdm9x15 user.info Legato:  INFO | sensorToCloud[3476]/avPublisher T=main | avPublisher.c isEnabled() 510 | /digitalService/sensorConfig/digital2_showOnGrid:-21
May 17 22:37:20 swi-mdm9x15 user.info Legato:  INFO | dcsDaemon[1026]/dcsDaemon T=main | dcsServer.c TryStartTechSession() 1563 | Device is attached, ready to start a data session
May 17 22:37:20 swi-mdm9x15 user.info Legato:  INFO | sensorToCloud[3476]/avPublisher T=main | avPublisher.c isEnabled() 510 | /digitalService/sensorConfig/digital3_showOnGrid:-21
May 17 22:37:20 swi-mdm9x15 user.info Legato:  INFO | sensorToCloud[3476]/avPublisher T=main | avPublisher.c isEnabled() 510 | /digitalService/sensorConfig/digital4_showOnGrid:-21
May 17 22:37:20 swi-mdm9x15 user.info Legato:  INFO | sensorToCloud[3476]/avPublisher T=main | avPublisher.c isEnabled() 510 | /digitalService/sensorConfig/bilge1_showOnGrid:-21
May 17 22:37:20 swi-mdm9x15 user.info Legato:  INFO | sensorToCloud[3476]/avPublisher T=main | avPublisher.c isEnabled() 510 | /digitalService/sensorConfig/shorepwr1_showOnGrid:-21
May 17 22:37:20 swi-mdm9x15 user.info Legato:  INFO | sensorToCloud[3476]/avPublisher T=main | avPublisher.c isEnabled() 510 | /digitalService/sensorConfig/pir1_showOnGrid:-21
May 17 22:37:20 swi-mdm9x15 user.info Legato:  INFO | sensorToCloud[3476]/avPublisher T=main | avPublisher.c isEnabled() 510 | /digitalService/sensorConfig/pushbtn1_showOnGrid:-21
May 17 22:37:20 swi-mdm9x15 user.info Legato:  INFO | sensorToCloud[3476]/avPublisher T=main | avPublisher.c isEnabled() 510 | /digitalService/sensorConfig/temp1_showOnGrid:-1
May 17 22:37:20 swi-mdm9x15 user.info Legato:  INFO | sensorToCloud[3476]/avPublisher T=main | avPublisher.c isEnabled() 510 | /digitalService/sensorConfig/analog1_showOnGrid:-1
May 17 22:37:20 swi-mdm9x15 user.info Legato:  INFO | sensorToCloud[3476]/avPublisher T=main | avPublisher.c isEnabled() 510 | /digitalService/sensorConfig/analog2_showOnGrid:-1
May 17 22:37:20 swi-mdm9x15 user.info Legato:  INFO | sensorToCloud[3476]/avPublisher T=main | avPublisher.c isEnabled() 510 | /digitalService/sensorConfig/analog3_showOnGrid:-1
May 17 22:37:20 swi-mdm9x15 user.info Legato:  INFO | sensorToCloud[3476]/avPublisher T=main | avPublisher.c isEnabled() 510 | /digitalService/sensorConfig/analog4_showOnGrid:-1
May 17 22:37:20 swi-mdm9x15 user.info Legato:  INFO | sensorToCloud[3476]/avPublisher T=main | avPublisher.c isEnabled() 510 | /digitalService/sensorConfig/accelerometer_showOnGrid:-1
May 17 22:37:20 swi-mdm9x15 user.info Legato:  INFO | sensorToCloud[3476]/avPublisher T=main | avPublisher.c isEnabled() 510 | /digitalService/sensorConfig/cellstrength_showOnGrid:-1
May 17 22:37:20 swi-mdm9x15 user.info Legato:  INFO | sensorToCloud[3476]/avPublisher T=main | avPublisher.c updateSensors() 520 | Updating sensorConfig complete
May 17 22:37:26 swi-mdm9x15 user.info Legato:  INFO | dcsDaemon[1026]/le_pa_dcs T=main | pa_dcs_linux.c AddNameserversToResolvConf() 310 | Set DNS '8.8.8.8' '4.2.2.2'
May 17 22:37:26 swi-mdm9x15 user.info Legato:  INFO | dcsDaemon[1026]/dcsDaemon T=main | dcsServer.c SetDefaultRouteAndDns() 1330 | DNS configuration is set successfully
May 17 22:37:31 swi-mdm9x15 user.info Legato:  INFO | avcDaemon[1195]/avcDaemon T=main | avcClient.c BearerEventCb() 251 | Connected 1
May 17 22:37:32 swi-mdm9x15 user.err Legato: =ERR= | secStore[1105]/swiQmi T=main | swiQmi.c swiQmi_CheckResponse() 795 | Sending QMI_SWI_SFS_OPEN_REQ_V01 failed: rc=0 (), resp.result=1.[0x01], resp.error=48.[0x30]
May 17 22:37:34 swi-mdm9x15 user.info Legato:  INFO | avcDaemon[1195]/avcDaemon T=main | avcServer.c ProcessUserAgreement() 1472 | Broadcast notification to applications
May 17 22:37:34 swi-mdm9x15 user.info Legato:  INFO | avcControl[1014]/avcControl T=main | avcControl.c StatusHandler() 167 | Air Vantage agent reported update status: AUTHENTICATION_STARTED
May 17 22:37:35 swi-mdm9x15 user.err Legato: =ERR= | secStore[1105]/swiQmi T=main | swiQmi.c swiQmi_CheckResponse() 795 | Sending QMI_SWI_SFS_OPEN_REQ_V01 failed: rc=0 (), resp.result=1.[0x01], resp.error=48.[0x30]
May 17 22:37:35 swi-mdm9x15 user.err Legato: =ERR= | secStore[1105]/swiQmi T=main | swiQmi.c swiQmi_CheckResponse() 795 | Sending QMI_SWI_SFS_OPEN_REQ_V01 failed: rc=0 (), resp.result=1.[0x01], resp.error=48.[0x30]
May 17 22:37:38 swi-mdm9x15 user.err Legato: =ERR= | avcDaemon[1195]/avcDaemon T=main | avcFs.c ReadFs() 41 | failed to open /avc/packageDownloader/packageUri: LE_NOT_FOUND
May 17 22:37:38 swi-mdm9x15 user.err Legato: =ERR= | avcDaemon[1195]/avcDaemon T=main | packageDownloader.c packageDownloader_GetResumeInfo() 323 | Failed to read /avc/packageDownloader/packageUri: LE_NOT_FOUND
May 17 22:37:38 swi-mdm9x15 user.info Legato:  INFO | avcDaemon[1195]/avcDaemon T=main | avcAppUpdate.c NotifyObj9List() 691 | Found 9 object 9 instances
May 17 22:37:38 swi-mdm9x15 user.info Legato:  INFO | avcDaemon[1195]/avcDaemon T=main | avcAppUpdate.c NotifyObj9List() 692 | obj9ListLen; 116 obj9List: </lwm2m/9/0>,</lwm2m/9/1>,</lwm2m/9/2>,</lwm2m/9/3>,</lwm2m/9/4>,</lwm2m/9/5>,</lwm2m/9/6>,</lwm2m/9/7>,</lwm2m/9/8>
May 17 22:37:38 swi-mdm9x15 user.info Legato:  INFO | avcDaemon[1195]/avcDaemon T=main | push.c push_Retry() 261 | Push Retry
May 17 22:37:38 swi-mdm9x15 user.info Legato:  INFO | avcDaemon[1195]/avcDaemon T=main | avcServer.c ProcessUserAgreement() 1472 | Broadcast notification to applications
May 17 22:37:38 swi-mdm9x15 user.info Legato:  INFO | errorService[1042]/errorHandler T=main | errorHandler.c avSessionStateHandler() 66 | AV Session State Handler 0
May 17 22:37:38 swi-mdm9x15 user.info Legato:  INFO | errorService[1042]/errorHandler T=main | errorHandler.c avSessionStateHandler() 70 | Got AirVantage data session
May 17 22:37:38 swi-mdm9x15 user.info Legato:  INFO | photoService[1079]/photoManager T=main | photoManager.c avSessionStateHandler() 662 | AV Session State Handler 0
May 17 22:37:38 swi-mdm9x15 user.info Legato:  INFO | photoService[1079]/photoManager T=main | photoManager.c avSessionStateHandler() 666 | Got AirVantage data session
May 17 22:37:38 swi-mdm9x15 user.info Legato:  INFO | sensorToCloud[3476]/avPublisher T=main | avPublisher.c avSessionStateHandler() 1069 | AV Session State Handler 0
May 17 22:37:38 swi-mdm9x15 user.info Legato:  INFO | sensorToCloud[3476]/avPublisher T=main | avPublisher.c avSessionStateHandler() 1075 | Got AirVantage data session, starting sampling
May 17 22:37:38 swi-mdm9x15 user.info Legato:  INFO | avcControl[1014]/avcControl T=main | avcControl.c StatusHandler() 167 | Air Vantage agent reported update status: SESSION_STARTED
May 17 22:37:43 swi-mdm9x15 user.info Legato:  INFO | sensorToCloud[3476]/avPublisher T=main | avPublisher.c sampleTimerHandler() 613 | Sample Timeout Handler
May 17 22:37:43 swi-mdm9x15 user.info Legato:  INFO | sensorToCloud[3476]/avPublisher T=main | avPublisher.c sampleTimerHandler() 647 | Item gps triggered publish
May 17 22:37:46 swi-mdm9x15 user.info Legato:  INFO | sensorToCloud[3476]/avPublisher T=main | avPublisher.c sampleTimerHandler() 647 | Item pressure1 triggered publish
May 17 22:37:48 swi-mdm9x15 user.info Legato:  INFO | sensorToCloud[3476]/avPublisher T=main | avPublisher.c sampleTimerHandler() 647 | Item humidity1 triggered publish
May 17 22:37:48 swi-mdm9x15 user.info Legato:  INFO | sensorToCloud[3476]/avPublisher T=main | avPublisher.c sampleTimerHandler() 647 | Item digital1 triggered publish
May 17 22:37:48 swi-mdm9x15 user.info Legato:  INFO | sensorToCloud[3476]/avPublisher T=main | avPublisher.c sampleTimerHandler() 647 | Item digital2 triggered publish
May 17 22:37:48 swi-mdm9x15 user.info Legato:  INFO | sensorToCloud[3476]/avPublisher T=main | avPublisher.c sampleTimerHandler() 647 | Item digital3 triggered publish
May 17 22:37:48 swi-mdm9x15 user.info Legato:  INFO | sensorToCloud[3476]/avPublisher T=main | avPublisher.c sampleTimerHandler() 647 | Item digital4 triggered publish
May 17 22:37:48 swi-mdm9x15 user.info Legato:  INFO | sensorToCloud[3476]/avPublisher T=main | avPublisher.c sampleTimerHandler() 647 | Item bilge1 triggered publish
May 17 22:37:48 swi-mdm9x15 user.info Legato:  INFO | sensorToCloud[3476]/avPublisher T=main | avPublisher.c sampleTimerHandler() 647 | Item shorepwr1 triggered publish
May 17 22:37:48 swi-mdm9x15 user.info Legato:  INFO | sensorToCloud[3476]/avPublisher T=main | avPublisher.c sampleTimerHandler() 647 | Item pir1 triggered publish
May 17 22:37:48 swi-mdm9x15 user.info Legato:  INFO | sensorToCloud[3476]/avPublisher T=main | avPublisher.c sampleTimerHandler() 647 | Item pushbtn1 triggered publish
May 17 22:37:51 swi-mdm9x15 user.info Legato:  INFO | sensorToCloud[3476]/avPublisher T=main | avPublisher.c sampleTimerHandler() 647 | Item temp1 triggered publish
May 17 22:37:53 swi-mdm9x15 user.info Legato:  INFO | sensorToCloud[3476]/avPublisher T=main | avPublisher.c sampleTimerHandler() 647 | Item analog1 triggered publish
May 17 22:37:55 swi-mdm9x15 user.info Legato:  INFO | sensorToCloud[3476]/avPublisher T=main | avPublisher.c sampleTimerHandler() 647 | Item analog2 triggered publish
May 17 22:37:57 swi-mdm9x15 user.info Legato:  INFO | sensorToCloud[3476]/avPublisher T=main | avPublisher.c sampleTimerHandler() 647 | Item analog3 triggered publish
May 17 22:37:58 swi-mdm9x15 user.info Legato:  INFO | avcDaemon[1195]/avcDaemon T=main | avcServer.c ProcessUserAgreement() 1472 | Broadcast notification to applications
May 17 22:37:58 swi-mdm9x15 user.info Legato:  INFO | avcControl[1014]/avcControl T=main | avcControl.c StatusHandler() 167 | Air Vantage agent reported update status: NO_UPDATE
May 17 22:37:59 swi-mdm9x15 user.info Legato:  INFO | sensorToCloud[3476]/avPublisher T=main | avPublisher.c sampleTimerHandler() 647 | Item analog4 triggered publish
May 17 22:37:59 swi-mdm9x15 user.info Legato:  INFO | sensorToCloud[3476]/avPublisher T=main | avPublisher.c sampleTimerHandler() 647 | Item accelerometer triggered publish
May 17 22:37:59 swi-mdm9x15 user.info Legato:  INFO | sensorToCloud[3476]/avPublisher T=main | avPublisher.c sampleTimerHandler() 647 | Item cellstrength triggered publish
May 17 22:37:59 swi-mdm9x15 user.info Legato:  INFO | sensorToCloud[3476]/avPublisher T=main | avPublisher.c sampleTimerHandler() 684 | Publish successful
May 17 22:37:59 swi-mdm9x15 user.info Legato:  INFO | sensorToCloud[3476]/avPublisher T=main | avPublisher.c sampleTimerHandler() 613 | Sample Timeout Handler